Сборка начата 21.12.2014 13:48:27.
     1>Проект "D:\бгуир\ОСиСП\osisp_5_sem\Serkova_Breshko_lr4_v3_1\Serkova_Breshko_lr4_v3\IndexDll\IndexDll\IndexDll.vcxproj" в узле 2 (целевые объекты Build).
     1>ClCompile:
         C:\Program Files\Microsoft Visual Studio 11.0\VC\bin\CL.exe /c /ZI /nologo /W3 /WX- /Od /Oy- /D WIN32 /D _DEBUG /D _WINDOWS /D _USRDLL /D INDEXDLL_EXPORTS /D _WINDLL /D _UNICODE /D UNICODE /Gm /EHsc /RTC1 /MDd /GS /fp:precise /Zc:wchar_t /Zc:forScope /Yu"stdafx.h" /Fp"Debug\IndexDll.pch" /Fo"Debug\\" /Fd"Debug\vc110.pdb" /Gd /TP /analyze- /errorReport:prompt IndexDll.cpp
         IndexDll.cpp
     1>d:\бгуир\осисп\osisp_5_sem\serkova_breshko_lr4_v3_1\serkova_breshko_lr4_v3\indexdll\indexdll\indexdll.cpp(15): warning C4091: typedef : пропускается слева от "Abonent", когда ни одна переменная не объявлена
     1>d:\бгуир\осисп\osisp_5_sem\serkova_breshko_lr4_v3_1\serkova_breshko_lr4_v3\indexdll\indexdll\indexdll.cpp(21): warning C4091: typedef : пропускается слева от "TKey", когда ни одна переменная не объявлена
     1>d:\бгуир\осисп\osisp_5_sem\serkova_breshko_lr4_v3_1\serkova_breshko_lr4_v3\indexdll\indexdll\indexdll.cpp(29): warning C4091: typedef : пропускается слева от "TNode", когда ни одна переменная не объявлена
     1>d:\бгуир\осисп\osisp_5_sem\serkova_breshko_lr4_v3_1\serkova_breshko_lr4_v3\indexdll\indexdll\indexdll.cpp(34): warning C4091: typedef : пропускается слева от "TT", когда ни одна переменная не объявлена
     1>d:\бгуир\осисп\osisp_5_sem\serkova_breshko_lr4_v3_1\serkova_breshko_lr4_v3\indexdll\indexdll\indexdll.cpp(56): warning C4996: 'fopen': This function or variable may be unsafe. Consider using fopen_s instead. To disable deprecation, use _CRT_SECURE_NO_WARNINGS. See online help for details.
                 c:\program files\microsoft visual studio 11.0\vc\include\stdio.h(218): см. объявление "fopen"
     1>d:\бгуир\осисп\osisp_5_sem\serkova_breshko_lr4_v3_1\serkova_breshko_lr4_v3\indexdll\indexdll\indexdll.cpp(185): warning C4996: 'strcpy': This function or variable may be unsafe. Consider using strcpy_s instead. To disable deprecation, use _CRT_SECURE_NO_WARNINGS. See online help for details.
                 c:\program files\microsoft visual studio 11.0\vc\include\string.h(110): см. объявление "strcpy"
     1>d:\бгуир\осисп\osisp_5_sem\serkova_breshko_lr4_v3_1\serkova_breshko_lr4_v3\indexdll\indexdll\indexdll.cpp(186): warning C4996: 'strcpy': This function or variable may be unsafe. Consider using strcpy_s instead. To disable deprecation, use _CRT_SECURE_NO_WARNINGS. See online help for details.
                 c:\program files\microsoft visual studio 11.0\vc\include\string.h(110): см. объявление "strcpy"
     1>d:\бгуир\осисп\osisp_5_sem\serkova_breshko_lr4_v3_1\serkova_breshko_lr4_v3\indexdll\indexdll\indexdll.cpp(187): warning C4996: 'strcpy': This function or variable may be unsafe. Consider using strcpy_s instead. To disable deprecation, use _CRT_SECURE_NO_WARNINGS. See online help for details.
                 c:\program files\microsoft visual studio 11.0\vc\include\string.h(110): см. объявление "strcpy"
     1>d:\бгуир\осисп\osisp_5_sem\serkova_breshko_lr4_v3_1\serkova_breshko_lr4_v3\indexdll\indexdll\indexdll.cpp(188): warning C4996: 'strcpy': This function or variable may be unsafe. Consider using strcpy_s instead. To disable deprecation, use _CRT_SECURE_NO_WARNINGS. See online help for details.
                 c:\program files\microsoft visual studio 11.0\vc\include\string.h(110): см. объявление "strcpy"
     1>d:\бгуир\осисп\osisp_5_sem\serkova_breshko_lr4_v3_1\serkova_breshko_lr4_v3\indexdll\indexdll\indexdll.cpp(195): warning C4996: 'strcpy': This function or variable may be unsafe. Consider using strcpy_s instead. To disable deprecation, use _CRT_SECURE_NO_WARNINGS. See online help for details.
                 c:\program files\microsoft visual studio 11.0\vc\include\string.h(110): см. объявление "strcpy"
     1>d:\бгуир\осисп\osisp_5_sem\serkova_breshko_lr4_v3_1\serkova_breshko_lr4_v3\indexdll\indexdll\indexdll.cpp(207): warning C4996: 'strcpy': This function or variable may be unsafe. Consider using strcpy_s instead. To disable deprecation, use _CRT_SECURE_NO_WARNINGS. See online help for details.
                 c:\program files\microsoft visual studio 11.0\vc\include\string.h(110): см. объявление "strcpy"
     1>d:\бгуир\осисп\osisp_5_sem\serkova_breshko_lr4_v3_1\serkova_breshko_lr4_v3\indexdll\indexdll\indexdll.cpp(219): warning C4996: 'strcpy': This function or variable may be unsafe. Consider using strcpy_s instead. To disable deprecation, use _CRT_SECURE_NO_WARNINGS. See online help for details.
                 c:\program files\microsoft visual studio 11.0\vc\include\string.h(110): см. объявление "strcpy"
     1>d:\бгуир\осисп\osisp_5_sem\serkova_breshko_lr4_v3_1\serkova_breshko_lr4_v3\indexdll\indexdll\indexdll.cpp(329): warning C4715: BTreeSearch: значение возвращается не при всех путях выполнения
       Link:
         C:\Program Files\Microsoft Visual Studio 11.0\VC\bin\link.exe /ERRORREPORT:PROMPT /OUT:"D:\бгуир\ОСиСП\osisp_5_sem\Serkova_Breshko_lr4_v3_1\Serkova_Breshko_lr4_v3\lr4_v3\Debug\IndexDll.dll" /INCREMENTAL /NOLOGO kernel32.lib user32.lib gdi32.lib winspool.lib comdlg32.lib advapi32.lib shell32.lib ole32.lib oleaut32.lib uuid.lib odbc32.lib odbccp32.lib /MANIFEST /MANIFESTUAC:"level='asInvoker' uiAccess='false'" /manifest:embed /DEBUG /PDB:"D:\бгуир\ОСиСП\osisp_5_sem\Serkova_Breshko_lr4_v3_1\Serkova_Breshko_lr4_v3\lr4_v3\Debug\IndexDll.pdb" /SUBSYSTEM:WINDOWS /TLBID:1 /DYNAMICBASE /NXCOMPAT /IMPLIB:"D:\бгуир\ОСиСП\osisp_5_sem\Serkova_Breshko_lr4_v3_1\Serkova_Breshko_lr4_v3\lr4_v3\Debug\IndexDll.lib" /MACHINE:X86 /DLL Debug\dllmain.obj
         Debug\IndexDll.obj
         Debug\stdafx.obj
         IndexDll.vcxproj -> D:\бгуир\ОСиСП\osisp_5_sem\Serkova_Breshko_lr4_v3_1\Serkova_Breshko_lr4_v3\lr4_v3\Debug\IndexDll.dll
     1>Построение проекта "D:\бгуир\ОСиСП\osisp_5_sem\Serkova_Breshko_lr4_v3_1\Serkova_Breshko_lr4_v3\IndexDll\IndexDll\IndexDll.vcxproj" завершено (целевые объекты Build).

Сборка успешно завершена.

Затраченное время: 00:00:08.77
