D:\бгуир\ОСиСП\OSISP_5_SEM\SERKOVA_BRESHKO_LR4_V3_1\SERKOVA_BRESHKO_LR4_V3\INDEXDLL\INDEXDLL\DEBUG\INDEXDLL.PCH
D:\бгуир\ОСиСП\OSISP_5_SEM\SERKOVA_BRESHKO_LR4_V3_1\SERKOVA_BRESHKO_LR4_V3\INDEXDLL\INDEXDLL\DEBUG\STDAFX.OBJ
D:\БГУИР\ОСИСП\OSISP_5_SEM\SERKOVA_BRESHKO_LR4_V3_1\SERKOVA_BRESHKO_LR4_V3\INDEXDLL\INDEXDLL\DEBUG\VC110.PDB
D:\бгуир\ОСиСП\OSISP_5_SEM\SERKOVA_BRESHKO_LR4_V3_1\SERKOVA_BRESHKO_LR4_V3\INDEXDLL\INDEXDLL\DEBUG\DLLMAIN.OBJ
D:\бгуир\ОСиСП\OSISP_5_SEM\SERKOVA_BRESHKO_LR4_V3_1\SERKOVA_BRESHKO_LR4_V3\INDEXDLL\INDEXDLL\DEBUG\INDEXDLL.OBJ
D:\бгуир\ОСиСП\osisp_5_sem\Serkova_Breshko_lr4_v3_1\Serkova_Breshko_lr4_v3\lr4_v3\Debug\IndexDll.lib
D:\бгуир\ОСиСП\osisp_5_sem\Serkova_Breshko_lr4_v3_1\Serkova_Breshko_lr4_v3\lr4_v3\Debug\IndexDll.exp
D:\бгуир\ОСиСП\OSISP_5_SEM\SERKOVA_BRESHKO_LR4_V3_1\SERKOVA_BRESHKO_LR4_V3\LR4_V3\DEBUG\INDEXDLL.ILK
D:\бгуир\ОСиСП\OSISP_5_SEM\SERKOVA_BRESHKO_LR4_V3_1\SERKOVA_BRESHKO_LR4_V3\LR4_V3\DEBUG\INDEXDLL.DLL
D:\БГУИР\ОСИСП\OSISP_5_SEM\SERKOVA_BRESHKO_LR4_V3_1\SERKOVA_BRESHKO_LR4_V3\LR4_V3\DEBUG\INDEXDLL.PDB
D:\бгуир\ОСиСП\osisp_5_sem\Serkova_Breshko_lr4_v3_1\Serkova_Breshko_lr4_v3\IndexDll\IndexDll\Debug\dllmain.obj
D:\бгуир\ОСиСП\osisp_5_sem\Serkova_Breshko_lr4_v3_1\Serkova_Breshko_lr4_v3\IndexDll\IndexDll\Debug\IndexDll.obj
D:\бгуир\ОСиСП\osisp_5_sem\Serkova_Breshko_lr4_v3_1\Serkova_Breshko_lr4_v3\IndexDll\IndexDll\Debug\stdafx.obj
D:\бгуир\ОСиСП\osisp_5_sem\Serkova_Breshko_lr4_v3_1\Serkova_Breshko_lr4_v3\IndexDll\IndexDll\Debug\cl.command.1.tlog
D:\бгуир\ОСиСП\osisp_5_sem\Serkova_Breshko_lr4_v3_1\Serkova_Breshko_lr4_v3\IndexDll\IndexDll\Debug\CL.read.1.tlog
D:\бгуир\ОСиСП\osisp_5_sem\Serkova_Breshko_lr4_v3_1\Serkova_Breshko_lr4_v3\IndexDll\IndexDll\Debug\CL.write.1.tlog
D:\бгуир\ОСиСП\osisp_5_sem\Serkova_Breshko_lr4_v3_1\Serkova_Breshko_lr4_v3\IndexDll\IndexDll\Debug\IndexDll.write.1.tlog
D:\бгуир\ОСиСП\osisp_5_sem\Serkova_Breshko_lr4_v3_1\Serkova_Breshko_lr4_v3\IndexDll\IndexDll\Debug\link-cvtres.read.1.tlog
D:\бгуир\ОСиСП\osisp_5_sem\Serkova_Breshko_lr4_v3_1\Serkova_Breshko_lr4_v3\IndexDll\IndexDll\Debug\link-cvtres.write.1.tlog
D:\бгуир\ОСиСП\osisp_5_sem\Serkova_Breshko_lr4_v3_1\Serkova_Breshko_lr4_v3\IndexDll\IndexDll\Debug\link-rc.read.1.tlog
D:\бгуир\ОСиСП\osisp_5_sem\Serkova_Breshko_lr4_v3_1\Serkova_Breshko_lr4_v3\IndexDll\IndexDll\Debug\link-rc.write.1.tlog
D:\бгуир\ОСиСП\osisp_5_sem\Serkova_Breshko_lr4_v3_1\Serkova_Breshko_lr4_v3\IndexDll\IndexDll\Debug\link.command.1.tlog
D:\бгуир\ОСиСП\osisp_5_sem\Serkova_Breshko_lr4_v3_1\Serkova_Breshko_lr4_v3\IndexDll\IndexDll\Debug\link.read.1.tlog
D:\бгуир\ОСиСП\osisp_5_sem\Serkova_Breshko_lr4_v3_1\Serkova_Breshko_lr4_v3\IndexDll\IndexDll\Debug\link.write.1.tlog
D:\бгуир\ОСиСП\osisp_5_sem\Serkova_Breshko_lr4_v3_1\Serkova_Breshko_lr4_v3\IndexDll\IndexDll\Debug\IndexDll.pch
D:\бгуир\ОСиСП\osisp_5_sem\Serkova_Breshko_lr4_v3_1\Serkova_Breshko_lr4_v3\IndexDll\IndexDll\Debug\vc110.idb
D:\бгуир\ОСиСП\osisp_5_sem\Serkova_Breshko_lr4_v3_1\Serkova_Breshko_lr4_v3\IndexDll\IndexDll\Debug\vc110.pdb
D:\бгуир\ОСиСП\osisp_5_sem\Serkova_Breshko_lr4_v3_1\Serkova_Breshko_lr4_v3\lr4_v3\Debug\IndexDll.pdb
D:\бгуир\ОСиСП\osisp_5_sem\Serkova_Breshko_lr4_v3_1\Serkova_Breshko_lr4_v3\lr4_v3\Debug\IndexDll.dll
D:\бгуир\ОСиСП\osisp_5_sem\Serkova_Breshko_lr4_v3_1\Serkova_Breshko_lr4_v3\lr4_v3\Debug\IndexDll.ilk
