D:\бгуир\ОСиСП\OSISP_5_SEM\SERKOVA_BRESHKO_LR4_V3_1\SERKOVA_BRESHKO_LR4_V3\LR4_V3\LR4_V3\DEBUG\LR4_V3.PCH
D:\бгуир\ОСиСП\OSISP_5_SEM\SERKOVA_BRESHKO_LR4_V3_1\SERKOVA_BRESHKO_LR4_V3\LR4_V3\LR4_V3\DEBUG\STDAFX.OBJ
D:\БГУИР\ОСИСП\OSISP_5_SEM\SERKOVA_BRESHKO_LR4_V3_1\SERKOVA_BRESHKO_LR4_V3\LR4_V3\LR4_V3\DEBUG\VC110.PDB
D:\бгуир\ОСиСП\OSISP_5_SEM\SERKOVA_BRESHKO_LR4_V3_1\SERKOVA_BRESHKO_LR4_V3\LR4_V3\LR4_V3\DEBUG\DLGPROXY.OBJ
D:\бгуир\ОСиСП\OSISP_5_SEM\SERKOVA_BRESHKO_LR4_V3_1\SERKOVA_BRESHKO_LR4_V3\LR4_V3\LR4_V3\DEBUG\LR4_V3.OBJ
D:\бгуир\ОСиСП\OSISP_5_SEM\SERKOVA_BRESHKO_LR4_V3_1\SERKOVA_BRESHKO_LR4_V3\LR4_V3\LR4_V3\DEBUG\LR4_V3DLG.OBJ
D:\бгуир\ОСиСП\OSISP_5_SEM\SERKOVA_BRESHKO_LR4_V3_1\SERKOVA_BRESHKO_LR4_V3\LR4_V3\DEBUG\LR4_V3.ILK
D:\бгуир\ОСиСП\OSISP_5_SEM\SERKOVA_BRESHKO_LR4_V3_1\SERKOVA_BRESHKO_LR4_V3\LR4_V3\DEBUG\LR4_V3.EXE
D:\БГУИР\ОСИСП\OSISP_5_SEM\SERKOVA_BRESHKO_LR4_V3_1\SERKOVA_BRESHKO_LR4_V3\LR4_V3\DEBUG\LR4_V3.PDB
D:\бгуир\ОСиСП\OSISP_5_SEM\SERKOVA_BRESHKO_LR4_V3_1\SERKOVA_BRESHKO_LR4_V3\LR4_V3\LR4_V3\DEBUG\LR4_V3.TLB
D:\бгуир\ОСиСП\OSISP_5_SEM\SERKOVA_BRESHKO_LR4_V3_1\SERKOVA_BRESHKO_LR4_V3\LR4_V3\LR4_V3\LR4_V3_I.C
D:\бгуир\ОСиСП\OSISP_5_SEM\SERKOVA_BRESHKO_LR4_V3_1\SERKOVA_BRESHKO_LR4_V3\LR4_V3\LR4_V3\LR4_V3_H.H
D:\бгуир\ОСиСП\OSISP_5_SEM\SERKOVA_BRESHKO_LR4_V3_1\SERKOVA_BRESHKO_LR4_V3\LR4_V3\LR4_V3\DEBUG\LR4_V3.RES
D:\бгуир\ОСиСП\osisp_5_sem\Serkova_Breshko_lr4_v3_1\Serkova_Breshko_lr4_v3\lr4_v3\lr4_v3\Debug\lr4_v3.vcxprojResolveAssemblyReference.cache
D:\бгуир\ОСиСП\osisp_5_sem\Serkova_Breshko_lr4_v3_1\Serkova_Breshko_lr4_v3\lr4_v3\lr4_v3\Debug\DlgProxy.obj
D:\бгуир\ОСиСП\osisp_5_sem\Serkova_Breshko_lr4_v3_1\Serkova_Breshko_lr4_v3\lr4_v3\lr4_v3\Debug\lr4_v3.obj
D:\бгуир\ОСиСП\osisp_5_sem\Serkova_Breshko_lr4_v3_1\Serkova_Breshko_lr4_v3\lr4_v3\lr4_v3\Debug\lr4_v3Dlg.obj
D:\бгуир\ОСиСП\osisp_5_sem\Serkova_Breshko_lr4_v3_1\Serkova_Breshko_lr4_v3\lr4_v3\lr4_v3\Debug\stdafx.obj
D:\бгуир\ОСиСП\osisp_5_sem\Serkova_Breshko_lr4_v3_1\Serkova_Breshko_lr4_v3\lr4_v3\lr4_v3\Debug\lr4_v3.tlb
D:\бгуир\ОСиСП\osisp_5_sem\Serkova_Breshko_lr4_v3_1\Serkova_Breshko_lr4_v3\lr4_v3\lr4_v3\Debug\cl.command.1.tlog
D:\бгуир\ОСиСП\osisp_5_sem\Serkova_Breshko_lr4_v3_1\Serkova_Breshko_lr4_v3\lr4_v3\lr4_v3\Debug\CL.read.1.tlog
D:\бгуир\ОСиСП\osisp_5_sem\Serkova_Breshko_lr4_v3_1\Serkova_Breshko_lr4_v3\lr4_v3\lr4_v3\Debug\CL.write.1.tlog
D:\бгуир\ОСиСП\osisp_5_sem\Serkova_Breshko_lr4_v3_1\Serkova_Breshko_lr4_v3\lr4_v3\lr4_v3\Debug\link-cvtres.read.1.tlog
D:\бгуир\ОСиСП\osisp_5_sem\Serkova_Breshko_lr4_v3_1\Serkova_Breshko_lr4_v3\lr4_v3\lr4_v3\Debug\link-cvtres.write.1.tlog
D:\бгуир\ОСиСП\osisp_5_sem\Serkova_Breshko_lr4_v3_1\Serkova_Breshko_lr4_v3\lr4_v3\lr4_v3\Debug\link-mt.read.1.tlog
D:\бгуир\ОСиСП\osisp_5_sem\Serkova_Breshko_lr4_v3_1\Serkova_Breshko_lr4_v3\lr4_v3\lr4_v3\Debug\link-mt.write.1.tlog
D:\бгуир\ОСиСП\osisp_5_sem\Serkova_Breshko_lr4_v3_1\Serkova_Breshko_lr4_v3\lr4_v3\lr4_v3\Debug\link-rc.read.1.tlog
D:\бгуир\ОСиСП\osisp_5_sem\Serkova_Breshko_lr4_v3_1\Serkova_Breshko_lr4_v3\lr4_v3\lr4_v3\Debug\link-rc.write.1.tlog
D:\бгуир\ОСиСП\osisp_5_sem\Serkova_Breshko_lr4_v3_1\Serkova_Breshko_lr4_v3\lr4_v3\lr4_v3\Debug\link.3816-cvtres.read.1.tlog
D:\бгуир\ОСиСП\osisp_5_sem\Serkova_Breshko_lr4_v3_1\Serkova_Breshko_lr4_v3\lr4_v3\lr4_v3\Debug\link.3816-cvtres.write.1.tlog
D:\бгуир\ОСиСП\osisp_5_sem\Serkova_Breshko_lr4_v3_1\Serkova_Breshko_lr4_v3\lr4_v3\lr4_v3\Debug\link.3816-mt.read.1.tlog
D:\бгуир\ОСиСП\osisp_5_sem\Serkova_Breshko_lr4_v3_1\Serkova_Breshko_lr4_v3\lr4_v3\lr4_v3\Debug\link.3816-mt.write.1.tlog
D:\бгуир\ОСиСП\osisp_5_sem\Serkova_Breshko_lr4_v3_1\Serkova_Breshko_lr4_v3\lr4_v3\lr4_v3\Debug\link.3816-rc.read.1.tlog
D:\бгуир\ОСиСП\osisp_5_sem\Serkova_Breshko_lr4_v3_1\Serkova_Breshko_lr4_v3\lr4_v3\lr4_v3\Debug\link.3816-rc.write.1.tlog
D:\бгуир\ОСиСП\osisp_5_sem\Serkova_Breshko_lr4_v3_1\Serkova_Breshko_lr4_v3\lr4_v3\lr4_v3\Debug\link.3816.read.1.tlog
D:\бгуир\ОСиСП\osisp_5_sem\Serkova_Breshko_lr4_v3_1\Serkova_Breshko_lr4_v3\lr4_v3\lr4_v3\Debug\link.3816.write.1.tlog
D:\бгуир\ОСиСП\osisp_5_sem\Serkova_Breshko_lr4_v3_1\Serkova_Breshko_lr4_v3\lr4_v3\lr4_v3\Debug\link.4784-cvtres.read.1.tlog
D:\бгуир\ОСиСП\osisp_5_sem\Serkova_Breshko_lr4_v3_1\Serkova_Breshko_lr4_v3\lr4_v3\lr4_v3\Debug\link.4784-cvtres.write.1.tlog
D:\бгуир\ОСиСП\osisp_5_sem\Serkova_Breshko_lr4_v3_1\Serkova_Breshko_lr4_v3\lr4_v3\lr4_v3\Debug\link.4784-mt.read.1.tlog
D:\бгуир\ОСиСП\osisp_5_sem\Serkova_Breshko_lr4_v3_1\Serkova_Breshko_lr4_v3\lr4_v3\lr4_v3\Debug\link.4784-mt.write.1.tlog
D:\бгуир\ОСиСП\osisp_5_sem\Serkova_Breshko_lr4_v3_1\Serkova_Breshko_lr4_v3\lr4_v3\lr4_v3\Debug\link.4784-rc.read.1.tlog
D:\бгуир\ОСиСП\osisp_5_sem\Serkova_Breshko_lr4_v3_1\Serkova_Breshko_lr4_v3\lr4_v3\lr4_v3\Debug\link.4784-rc.write.1.tlog
D:\бгуир\ОСиСП\osisp_5_sem\Serkova_Breshko_lr4_v3_1\Serkova_Breshko_lr4_v3\lr4_v3\lr4_v3\Debug\link.4784.read.1.tlog
D:\бгуир\ОСиСП\osisp_5_sem\Serkova_Breshko_lr4_v3_1\Serkova_Breshko_lr4_v3\lr4_v3\lr4_v3\Debug\link.4784.write.1.tlog
D:\бгуир\ОСиСП\osisp_5_sem\Serkova_Breshko_lr4_v3_1\Serkova_Breshko_lr4_v3\lr4_v3\lr4_v3\Debug\link.6244-cvtres.read.1.tlog
D:\бгуир\ОСиСП\osisp_5_sem\Serkova_Breshko_lr4_v3_1\Serkova_Breshko_lr4_v3\lr4_v3\lr4_v3\Debug\link.6244-cvtres.write.1.tlog
D:\бгуир\ОСиСП\osisp_5_sem\Serkova_Breshko_lr4_v3_1\Serkova_Breshko_lr4_v3\lr4_v3\lr4_v3\Debug\link.6244-mt.read.1.tlog
D:\бгуир\ОСиСП\osisp_5_sem\Serkova_Breshko_lr4_v3_1\Serkova_Breshko_lr4_v3\lr4_v3\lr4_v3\Debug\link.6244-mt.write.1.tlog
D:\бгуир\ОСиСП\osisp_5_sem\Serkova_Breshko_lr4_v3_1\Serkova_Breshko_lr4_v3\lr4_v3\lr4_v3\Debug\link.6244-rc.read.1.tlog
D:\бгуир\ОСиСП\osisp_5_sem\Serkova_Breshko_lr4_v3_1\Serkova_Breshko_lr4_v3\lr4_v3\lr4_v3\Debug\link.6244-rc.write.1.tlog
D:\бгуир\ОСиСП\osisp_5_sem\Serkova_Breshko_lr4_v3_1\Serkova_Breshko_lr4_v3\lr4_v3\lr4_v3\Debug\link.6244.read.1.tlog
D:\бгуир\ОСиСП\osisp_5_sem\Serkova_Breshko_lr4_v3_1\Serkova_Breshko_lr4_v3\lr4_v3\lr4_v3\Debug\link.6244.write.1.tlog
D:\бгуир\ОСиСП\osisp_5_sem\Serkova_Breshko_lr4_v3_1\Serkova_Breshko_lr4_v3\lr4_v3\lr4_v3\Debug\link.command.1.tlog
D:\бгуир\ОСиСП\osisp_5_sem\Serkova_Breshko_lr4_v3_1\Serkova_Breshko_lr4_v3\lr4_v3\lr4_v3\Debug\link.read.1.tlog
D:\бгуир\ОСиСП\osisp_5_sem\Serkova_Breshko_lr4_v3_1\Serkova_Breshko_lr4_v3\lr4_v3\lr4_v3\Debug\link.write.1.tlog
D:\бгуир\ОСиСП\osisp_5_sem\Serkova_Breshko_lr4_v3_1\Serkova_Breshko_lr4_v3\lr4_v3\lr4_v3\Debug\midl-midlc-cl.read.1.tlog
D:\бгуир\ОСиСП\osisp_5_sem\Serkova_Breshko_lr4_v3_1\Serkova_Breshko_lr4_v3\lr4_v3\lr4_v3\Debug\midl-midlc.read.1.tlog
D:\бгуир\ОСиСП\osisp_5_sem\Serkova_Breshko_lr4_v3_1\Serkova_Breshko_lr4_v3\lr4_v3\lr4_v3\Debug\midl-midlc.write.1.tlog
D:\бгуир\ОСиСП\osisp_5_sem\Serkova_Breshko_lr4_v3_1\Serkova_Breshko_lr4_v3\lr4_v3\lr4_v3\Debug\midl.command.1.tlog
D:\бгуир\ОСиСП\osisp_5_sem\Serkova_Breshko_lr4_v3_1\Serkova_Breshko_lr4_v3\lr4_v3\lr4_v3\Debug\midl.read.1.tlog
D:\бгуир\ОСиСП\osisp_5_sem\Serkova_Breshko_lr4_v3_1\Serkova_Breshko_lr4_v3\lr4_v3\lr4_v3\Debug\midl.write.1.tlog
D:\бгуир\ОСиСП\osisp_5_sem\Serkova_Breshko_lr4_v3_1\Serkova_Breshko_lr4_v3\lr4_v3\lr4_v3\Debug\rc.command.1.tlog
D:\бгуир\ОСиСП\osisp_5_sem\Serkova_Breshko_lr4_v3_1\Serkova_Breshko_lr4_v3\lr4_v3\lr4_v3\Debug\rc.read.1.tlog
D:\бгуир\ОСиСП\osisp_5_sem\Serkova_Breshko_lr4_v3_1\Serkova_Breshko_lr4_v3\lr4_v3\lr4_v3\Debug\rc.write.1.tlog
D:\бгуир\ОСиСП\osisp_5_sem\Serkova_Breshko_lr4_v3_1\Serkova_Breshko_lr4_v3\lr4_v3\lr4_v3\Debug\lr4_v3.res
D:\бгуир\ОСиСП\osisp_5_sem\Serkova_Breshko_lr4_v3_1\Serkova_Breshko_lr4_v3\lr4_v3\lr4_v3\Debug\lr4_v3.pch
D:\бгуир\ОСиСП\osisp_5_sem\Serkova_Breshko_lr4_v3_1\Serkova_Breshko_lr4_v3\lr4_v3\lr4_v3\Debug\vc110.idb
D:\бгуир\ОСиСП\osisp_5_sem\Serkova_Breshko_lr4_v3_1\Serkova_Breshko_lr4_v3\lr4_v3\lr4_v3\Debug\vc110.pdb
D:\бгуир\ОСиСП\osisp_5_sem\Serkova_Breshko_lr4_v3_1\Serkova_Breshko_lr4_v3\lr4_v3\Debug\lr4_v3.pdb
D:\бгуир\ОСиСП\osisp_5_sem\Serkova_Breshko_lr4_v3_1\Serkova_Breshko_lr4_v3\lr4_v3\Debug\lr4_v3.exe
D:\бгуир\ОСиСП\osisp_5_sem\Serkova_Breshko_lr4_v3_1\Serkova_Breshko_lr4_v3\lr4_v3\Debug\lr4_v3.ilk
